<?xml version="1.0" encoding="UTF-8"?>
<coverage generated="1536963689077" clover="3.2.0">
  <project timestamp="1536963689077" name="All files">
    <metrics statements="13" coveredstatements="8" conditionals="4" coveredconditionals="0" methods="7" coveredmethods="6" elements="24" coveredelements="14" complexity="0" loc="13" ncloc="13" packages="3" files="4" classes="4">
      <package name="src">
        <metrics statements="5" coveredstatements="0" conditionals="4" coveredconditionals="0" methods="1" coveredmethods="0"/>
        <file name="index.js" path="/Users/Vishnu/Projects/Practice/Lynda/React/Ex_Files_React_Testing_Debug/Exercise Files/react-testing/src/index.js">
          <metrics statements="5" coveredstatements="0" conditionals="4" coveredconditionals="0" methods="1" coveredmethods="0"/>
          <line num="1" count="0" type="stmt"/>
          <line num="2" count="0" type="stmt"/>
          <line num="3" count="0" type="stmt"/>
          <line num="4" count="0" type="cond" truecount="0" falsecount="4"/>
          <line num="6" count="0" type="stmt"/>
        </file>
      </package>
      <package name="src.components">
        <metrics statements="3" coveredstatements="3" conditionals="0" coveredconditionals="0" methods="2" coveredmethods="2"/>
        <file name="App.jsx" path="/Users/Vishnu/Projects/Practice/Lynda/React/Ex_Files_React_Testing_Debug/Exercise Files/react-testing/src/components/App.jsx">
          <metrics statements="3" coveredstatements="3" conditionals="0" coveredconditionals="0" methods="2" coveredmethods="2"/>
          <line num="9" count="1" type="stmt"/>
          <line num="10" count="1" type="stmt"/>
          <line num="14" count="1" type="stmt"/>
        </file>
      </package>
      <package name="src.components.listings">
        <metrics statements="5" coveredstatements="5" conditionals="0" coveredconditionals="0" methods="4" coveredmethods="4"/>
        <file name="Grid.jsx" path="/Users/Vishnu/Projects/Practice/Lynda/React/Ex_Files_React_Testing_Debug/Exercise Files/react-testing/src/components/listings/Grid.jsx">
          <metrics statements="3" coveredstatements="3" conditionals="0" coveredconditionals="0" methods="3" coveredmethods="3"/>
          <line num="6" count="1" type="stmt"/>
          <line num="7" count="12" type="stmt"/>
          <line num="12" count="1" type="stmt"/>
        </file>
        <file name="Single.jsx" path="/Users/Vishnu/Projects/Practice/Lynda/React/Ex_Files_React_Testing_Debug/Exercise Files/react-testing/src/components/listings/Single.jsx">
          <metrics statements="2" coveredstatements="2" conditionals="0" coveredconditionals="0" methods="1" coveredmethods="1"/>
          <line num="3" count="2" type="stmt"/>
          <line num="4" count="13" type="stmt"/>
        </file>
      </package>
    </metrics>
  </project>
</coverage>
