{"/Users/Vishnu/Projects/Practice/Lynda/React/Ex_Files_React_Testing_Debug/Exercise Files/react-testing/src/index.js": {"path":"/Users/Vishnu/Projects/Practice/Lynda/React/Ex_Files_React_Testing_Debug/Exercise Files/react-testing/src/index.js","statementMap":{"0":{"start":{"line":1,"column":32},"end":{"line":1,"column":148}},"1":{"start":{"line":1,"column":162},"end":{"line":1,"column":178}},"2":{"start":{"line":1,"column":193},"end":{"line":1,"column":223}},"3":{"start":{"line":2,"column":16},"end":{"line":2,"column":36}},"4":{"start":{"line":2,"column":54},"end":{"line":2,"column":87}},"5":{"start":{"line":3,"column":11},"end":{"line":3,"column":38}},"6":{"start":{"line":3,"column":51},"end":{"line":3,"column":79}},"7":{"start":{"line":4,"column":0},"end":{"line":4,"column":23}},"8":{"start":{"line":4,"column":61},"end":{"line":4,"column":115}},"9":{"start":{"line":6,"column":0},"end":{"line":8,"column":33}}},"fnMap":{"0":{"name":"_interopRequireDefault","decl":{"start":{"line":4,"column":32},"end":{"line":4,"column":54}},"loc":{"start":{"line":4,"column":60},"end":{"line":4,"column":116}},"line":4}},"branchMap":{"0":{"loc":{"start":{"line":4,"column":68},"end":{"line":4,"column":114}},"type":"cond-expr","locations":[{"start":{"line":4,"column":92},"end":{"line":4,"column":95}},{"start":{"line":4,"column":98},"end":{"line":4,"column":114}}],"line":4},"1":{"loc":{"start":{"line":4,"column":68},"end":{"line":4,"column":89}},"type":"binary-expr","locations":[{"start":{"line":4,"column":68},"end":{"line":4,"column":71}},{"start":{"line":4,"column":75},"end":{"line":4,"column":89}}],"line":4}},"s":{"0":0,"1":0,"2":0,"3":0,"4":0,"5":0,"6":0,"7":0,"8":0,"9":0},"f":{"0":0},"b":{"0":[0,0],"1":[0,0]}}
,"/Users/Vishnu/Projects/Practice/Lynda/React/Ex_Files_React_Testing_Debug/Exercise Files/react-testing/src/components/App.jsx": {"path":"/Users/Vishnu/Projects/Practice/Lynda/React/Ex_Files_React_Testing_Debug/Exercise Files/react-testing/src/components/App.jsx","statementMap":{"0":{"start":{"line":9,"column":4},"end":{"line":9,"column":17}},"1":{"start":{"line":10,"column":4},"end":{"line":10,"column":29}},"2":{"start":{"line":14,"column":4},"end":{"line":27,"column":6}}},"fnMap":{"0":{"name":"(anonymous_0)","decl":{"start":{"line":8,"column":2},"end":{"line":8,"column":3}},"loc":{"start":{"line":8,"column":21},"end":{"line":11,"column":3}},"line":8},"1":{"name":"(anonymous_1)","decl":{"start":{"line":13,"column":2},"end":{"line":13,"column":3}},"loc":{"start":{"line":13,"column":11},"end":{"line":28,"column":3}},"line":13}},"branchMap":{},"s":{"0":1,"1":1,"2":1},"f":{"0":1,"1":1},"b":{},"_coverageSchema":"332fd63041d2c1bcb487cc26dd0d5f7d97098a6c","hash":"a33f571135bd60202978bf48d4ba005bbe887b14"}
,"/Users/Vishnu/Projects/Practice/Lynda/React/Ex_Files_React_Testing_Debug/Exercise Files/react-testing/src/components/listings/Grid.jsx": {"path":"/Users/Vishnu/Projects/Practice/Lynda/React/Ex_Files_React_Testing_Debug/Exercise Files/react-testing/src/components/listings/Grid.jsx","statementMap":{"0":{"start":{"line":6,"column":4},"end":{"line":8,"column":7}},"1":{"start":{"line":7,"column":6},"end":{"line":7,"column":41}},"2":{"start":{"line":12,"column":4},"end":{"line":20,"column":5}}},"fnMap":{"0":{"name":"(anonymous_0)","decl":{"start":{"line":5,"column":2},"end":{"line":5,"column":3}},"loc":{"start":{"line":5,"column":15},"end":{"line":9,"column":3}},"line":5},"1":{"name":"(anonymous_1)","decl":{"start":{"line":6,"column":32},"end":{"line":6,"column":33}},"loc":{"start":{"line":7,"column":6},"end":{"line":7,"column":41}},"line":7},"2":{"name":"(anonymous_2)","decl":{"start":{"line":11,"column":2},"end":{"line":11,"column":3}},"loc":{"start":{"line":11,"column":11},"end":{"line":21,"column":3}},"line":11}},"branchMap":{},"s":{"0":1,"1":12,"2":1},"f":{"0":1,"1":12,"2":1},"b":{},"_coverageSchema":"332fd63041d2c1bcb487cc26dd0d5f7d97098a6c","hash":"22560ec96640ef5264fd7080fd7241299331ce89"}
,"/Users/Vishnu/Projects/Practice/Lynda/React/Ex_Files_React_Testing_Debug/Exercise Files/react-testing/src/components/listings/Single.jsx": {"path":"/Users/Vishnu/Projects/Practice/Lynda/React/Ex_Files_React_Testing_Debug/Exercise Files/react-testing/src/components/listings/Single.jsx","statementMap":{"0":{"start":{"line":3,"column":15},"end":{"line":29,"column":1}},"1":{"start":{"line":4,"column":2},"end":{"line":28,"column":4}}},"fnMap":{"0":{"name":"(anonymous_0)","decl":{"start":{"line":3,"column":15},"end":{"line":3,"column":16}},"loc":{"start":{"line":3,"column":27},"end":{"line":29,"column":1}},"line":3}},"branchMap":{},"s":{"0":2,"1":13},"f":{"0":13},"b":{},"_coverageSchema":"332fd63041d2c1bcb487cc26dd0d5f7d97098a6c","hash":"7b1e261e7c452ae29190f06349524707a3fe3a84"}
}
