TN:
SF:/Users/Vishnu/Projects/Practice/Lynda/React/Ex_Files_React_Testing_Debug/Exercise Files/react-testing/src/index.js
FN:4,_interopRequireDefault
FNF:1
FNH:0
FNDA:0,_interopRequireDefault
DA:1,0
DA:2,0
DA:3,0
DA:4,0
DA:6,0
LF:5
LH:0
BRDA:4,0,0,0
BRDA:4,0,1,0
BRDA:4,1,0,0
BRDA:4,1,1,0
BRF:4
BRH:0
end_of_record
TN:
SF:/Users/Vishnu/Projects/Practice/Lynda/React/Ex_Files_React_Testing_Debug/Exercise Files/react-testing/src/components/App.jsx
FN:8,(anonymous_0)
FN:13,(anonymous_1)
FNF:2
FNH:2
FNDA:1,(anonymous_0)
FNDA:1,(anonymous_1)
DA:9,1
DA:10,1
DA:14,1
LF:3
LH:3
BRF:0
BRH:0
end_of_record
TN:
SF:/Users/Vishnu/Projects/Practice/Lynda/React/Ex_Files_React_Testing_Debug/Exercise Files/react-testing/src/components/listings/Grid.jsx
FN:5,(anonymous_0)
FN:6,(anonymous_1)
FN:11,(anonymous_2)
FNF:3
FNH:3
FNDA:1,(anonymous_0)
FNDA:12,(anonymous_1)
FNDA:1,(anonymous_2)
DA:6,1
DA:7,12
DA:12,1
LF:3
LH:3
BRF:0
BRH:0
end_of_record
TN:
SF:/Users/Vishnu/Projects/Practice/Lynda/React/Ex_Files_React_Testing_Debug/Exercise Files/react-testing/src/components/listings/Single.jsx
FN:3,(anonymous_0)
FNF:1
FNH:1
FNDA:13,(anonymous_0)
DA:3,2
DA:4,13
LF:2
LH:2
BRF:0
BRH:0
end_of_record
